<?xml version="1.0" encoding="UTF-8"?>
<!-- Generated by org.testng.reporters.JUnitXMLReporter -->
<testsuite ignored="0" hostname="Mutellip" failures="0" tests="10" name="CRM test" time="177.035" errors="0" timestamp="2019-09-23T11:17:51 EDT">
  <testcase classname="com.crm.qa.testcases.ContactsPageTest" name="verifyCheckbox" time="0.842"/>
  <testcase classname="com.crm.qa.testcases.ContactsPageTest" name="saveInfo" time="2.038"/>
  <testcase classname="com.crm.qa.testcases.ContactsPageTest" name="saveInfo" time="3.049"/>
  <testcase classname="com.crm.qa.testcases.ContactsPageTest" name="saveInfo" time="3.402"/>
  <testcase classname="com.crm.qa.testcases.ContactsPageTest" name="saveInfo" time="2.15"/>
  <testcase classname="com.crm.qa.testcases.HomePageTest" name="ContactsPageVerify" time="1.497"/>
  <testcase classname="com.crm.qa.testcases.HomePageTest" name="logoVerify" time="0.753"/>
  <testcase classname="com.crm.qa.testcases.HomePageTest" name="verifyHomePageTitle" time="0.005"/>
  <testcase classname="com.crm.qa.testcases.LoginPageTest" name="loginPageTiteTest" time="0.006"/>
  <testcase classname="com.crm.qa.testcases.LoginPageTest" name="loginTest" time="2.881"/>
</testsuite> <!-- CRM test -->
